<?xml version="1.0" encoding="UTF-8"?>
<testng-results skipped="0" failed="1" ignored="0" total="3" passed="2">
  <reporter-output>
  </reporter-output>
  <suite name="Suite" duration-ms="69942" started-at="2021-07-14T16:02:11Z" finished-at="2021-07-14T16:03:21Z">
    <groups>
    </groups>
    <test name="Test" duration-ms="69942" started-at="2021-07-14T16:02:11Z" finished-at="2021-07-14T16:03:21Z">
      <class name="com.test.OrangeHRMTest">
        <test-method status="PASS" signature="setExtent()[pri:0, instance:com.test.OrangeHRMTest@17cd7a0]" name="setExtent" is-config="true" duration-ms="361" started-at="2021-07-14T16:02:11Z" finished-at="2021-07-14T16:02:11Z">
          <reporter-output>
          </reporter-output>
        </test-method> <!-- setExtent -->
        <test-method status="PASS" signature="setup()[pri:0, instance:com.test.OrangeHRMTest@17cd7a0]" name="setup" is-config="true" duration-ms="29047" started-at="2021-07-14T16:02:11Z" finished-at="2021-07-14T16:02:41Z">
          <reporter-output>
          </reporter-output>
        </test-method> <!-- setup -->
        <test-method status="PASS" signature="loginPageTest()[pri:0, instance:com.test.OrangeHRMTest@17cd7a0]" name="loginPageTest" duration-ms="476" started-at="2021-07-14T16:02:41Z" finished-at="2021-07-14T16:02:41Z">
          <reporter-output>
          </reporter-output>
        </test-method> <!-- loginPageTest -->
        <test-method status="PASS" signature="tearDown(org.testng.ITestResult)[pri:0, instance:com.test.OrangeHRMTest@17cd7a0]" name="tearDown" is-config="true" duration-ms="2540" started-at="2021-07-14T16:02:41Z" finished-at="2021-07-14T16:02:44Z">
          <params>
            <param index="0">
              <value>
                <![CDATA[[TestResult name=loginPageTest status=SUCCESS method=OrangeHRMTest.loginPageTest()[pri:0, instance:com.test.OrangeHRMTest@17cd7a0] output={null}]]]>
              </value>
            </param>
          </params>
          <reporter-output>
          </reporter-output>
        </test-method> <!-- tearDown -->
        <test-method status="PASS" signature="setup()[pri:0, instance:com.test.OrangeHRMTest@17cd7a0]" name="setup" is-config="true" duration-ms="14631" started-at="2021-07-14T16:02:44Z" finished-at="2021-07-14T16:02:58Z">
          <reporter-output>
          </reporter-output>
        </test-method> <!-- setup -->
        <test-method status="FAIL" signature="loginTest()[pri:0, instance:com.test.OrangeHRMTest@17cd7a0]" name="loginTest" duration-ms="3773" started-at="2021-07-14T16:02:58Z" finished-at="2021-07-14T16:03:02Z">
          <exception class="java.lang.AssertionError">
            <message>
              <![CDATA[expected [OrangeHRM1] but found [OrangeHRM]]]>
            </message>
            <full-stacktrace>
              <![CDATA[java.lang.AssertionError: expected [OrangeHRM1] but found [OrangeHRM]
at org.testng.Assert.fail(Assert.java:96)
at org.testng.Assert.failNotEquals(Assert.java:776)
at org.testng.Assert.assertEqualsImpl(Assert.java:137)
at org.testng.Assert.assertEquals(Assert.java:118)
at org.testng.Assert.assertEquals(Assert.java:453)
at org.testng.Assert.assertEquals(Assert.java:463)
at com.test.OrangeHRMTest.loginTest(OrangeHRMTest.java:30)
at sun.reflect.NativeMethodAccessorImpl.invoke0(Native Method)
at sun.reflect.NativeMethodAccessorImpl.invoke(NativeMethodAccessorImpl.java:62)
at sun.reflect.DelegatingMethodAccessorImpl.invoke(DelegatingMethodAccessorImpl.java:43)
at java.lang.reflect.Method.invoke(Method.java:498)
at org.testng.internal.MethodInvocationHelper.invokeMethod(MethodInvocationHelper.java:124)
at org.testng.internal.Invoker.invokeMethod(Invoker.java:583)
at org.testng.internal.Invoker.invokeTestMethod(Invoker.java:719)
at org.testng.internal.Invoker.invokeTestMethods(Invoker.java:989)
at org.testng.internal.TestMethodWorker.invokeTestMethods(TestMethodWorker.java:124)
at org.testng.internal.TestMethodWorker.run(TestMethodWorker.java:109)
at org.testng.TestRunner.privateRun(TestRunner.java:648)
at org.testng.TestRunner.run(TestRunner.java:505)
at org.testng.SuiteRunner.runTest(SuiteRunner.java:455)
at org.testng.SuiteRunner.runSequentially(SuiteRunner.java:450)
at org.testng.SuiteRunner.privateRun(SuiteRunner.java:415)
at org.testng.SuiteRunner.run(SuiteRunner.java:364)
at org.testng.SuiteRunnerWorker.runSuite(SuiteRunnerWorker.java:52)
at org.testng.SuiteRunnerWorker.run(SuiteRunnerWorker.java:84)
at org.testng.TestNG.runSuitesSequentially(TestNG.java:1208)
at org.testng.TestNG.runSuitesLocally(TestNG.java:1137)
at org.testng.TestNG.runSuites(TestNG.java:1049)
at org.testng.TestNG.run(TestNG.java:1017)
at org.testng.remote.AbstractRemoteTestNG.run(AbstractRemoteTestNG.java:114)
at org.testng.remote.RemoteTestNG.initAndRun(RemoteTestNG.java:251)
at org.testng.remote.RemoteTestNG.main(RemoteTestNG.java:77)
]]>
            </full-stacktrace>
          </exception> <!-- java.lang.AssertionError -->
          <reporter-output>
          </reporter-output>
        </test-method> <!-- loginTest -->
        <test-method status="PASS" signature="tearDown(org.testng.ITestResult)[pri:0, instance:com.test.OrangeHRMTest@17cd7a0]" name="tearDown" is-config="true" duration-ms="2866" started-at="2021-07-14T16:03:02Z" finished-at="2021-07-14T16:03:05Z">
          <params>
            <param index="0">
              <value>
                <![CDATA[[TestResult name=loginTest status=FAILURE method=OrangeHRMTest.loginTest()[pri:0, instance:com.test.OrangeHRMTest@17cd7a0] output={null}]]]>
              </value>
            </param>
          </params>
          <reporter-output>
          </reporter-output>
        </test-method> <!-- tearDown -->
        <test-method status="PASS" signature="setup()[pri:0, instance:com.test.OrangeHRMTest@17cd7a0]" name="setup" is-config="true" duration-ms="14288" started-at="2021-07-14T16:03:05Z" finished-at="2021-07-14T16:03:19Z">
          <reporter-output>
          </reporter-output>
        </test-method> <!-- setup -->
        <test-method status="PASS" signature="sampleCase()[pri:0, instance:com.test.OrangeHRMTest@17cd7a0]" name="sampleCase" duration-ms="11" started-at="2021-07-14T16:03:19Z" finished-at="2021-07-14T16:03:19Z">
          <reporter-output>
          </reporter-output>
        </test-method> <!-- sampleCase -->
        <test-method status="PASS" signature="tearDown(org.testng.ITestResult)[pri:0, instance:com.test.OrangeHRMTest@17cd7a0]" name="tearDown" is-config="true" duration-ms="2159" started-at="2021-07-14T16:03:19Z" finished-at="2021-07-14T16:03:21Z">
          <params>
            <param index="0">
              <value>
                <![CDATA[[TestResult name=sampleCase status=SUCCESS method=OrangeHRMTest.sampleCase()[pri:0, instance:com.test.OrangeHRMTest@17cd7a0] output={null}]]]>
              </value>
            </param>
          </params>
          <reporter-output>
          </reporter-output>
        </test-method> <!-- tearDown -->
        <test-method status="PASS" signature="endReport()[pri:0, instance:com.test.OrangeHRMTest@17cd7a0]" name="endReport" is-config="true" duration-ms="851" started-at="2021-07-14T16:03:21Z" finished-at="2021-07-14T16:03:22Z">
          <reporter-output>
          </reporter-output>
        </test-method> <!-- endReport -->
      </class> <!-- com.test.OrangeHRMTest -->
    </test> <!-- Test -->
  </suite> <!-- Suite -->
</testng-results>
